2021-09-10 23:14:14,735 [INFO] camera:: Initializing camera class with 20 fps and video_source=0
2021-09-10 23:14:17,511 [DEBUG] camera:: Starting thread
2021-09-10 23:14:17,511 [DEBUG] camera:: Observation started
2021-09-10 23:14:17,511 [INFO] camera:: Thread started
2021-09-10 23:14:17,515 [DEBUG] __main__:: Starting server
2021-09-10 23:14:23,225 [DEBUG] __main__:: Requested /
2021-09-10 23:14:23,251 [DEBUG] __main__:: Requested last image
2021-09-10 23:14:23,252 [DEBUG] __main__:: No last image
2021-09-10 23:14:27,067 [DEBUG] __main__:: Requested stream page
2021-09-10 23:14:27,089 [DEBUG] __main__:: Starting stream
2021-09-11 09:03:07,780 [INFO] camera:: Initializing camera class with 20 fps and video_source=0
2021-09-11 09:03:10,364 [DEBUG] camera:: Starting thread
2021-09-11 09:03:10,365 [DEBUG] camera:: Observation started
2021-09-11 09:03:10,365 [INFO] camera:: Thread started
2021-09-11 09:03:10,369 [DEBUG] __main__:: Starting server
2021-09-11 09:03:28,910 [DEBUG] __main__:: Requested /
2021-09-11 09:03:29,047 [DEBUG] __main__:: Requested last image
2021-09-11 09:03:29,047 [DEBUG] __main__:: No last image
2021-09-11 09:03:31,129 [DEBUG] __main__:: Requested stream page
2021-09-11 09:03:31,147 [DEBUG] __main__:: Starting stream
2021-09-11 10:15:12,338 [INFO] camera:: Initializing camera class with 20 fps and video_source=0
2021-09-11 10:15:15,148 [DEBUG] camera:: Starting thread
2021-09-11 10:15:15,148 [DEBUG] camera:: Observation started
2021-09-11 10:15:15,149 [INFO] camera:: Thread started
2021-09-11 10:15:15,153 [DEBUG] __main__:: Starting server
2021-09-11 10:15:17,631 [DEBUG] __main__:: Requested /
2021-09-11 10:15:17,747 [DEBUG] __main__:: Requested last image
2021-09-11 10:15:17,747 [DEBUG] __main__:: No last image
2021-09-11 10:15:20,247 [DEBUG] __main__:: Requested stream page
2021-09-11 10:15:20,264 [DEBUG] __main__:: Starting stream
2021-09-11 10:16:59,543 [INFO] camera:: Initializing camera class with 20 fps and video_source=0
2021-09-11 10:17:02,175 [DEBUG] camera:: Starting thread
2021-09-11 10:17:02,175 [DEBUG] camera:: Observation started
2021-09-11 10:17:02,175 [INFO] camera:: Thread started
2021-09-11 10:17:02,179 [DEBUG] __main__:: Starting server
2021-09-11 10:17:04,903 [DEBUG] __main__:: Requested /
2021-09-11 10:17:05,032 [DEBUG] __main__:: Requested last image
2021-09-11 10:17:05,032 [DEBUG] __main__:: No last image
2021-09-11 10:17:07,430 [DEBUG] __main__:: Requested stream page
2021-09-11 10:17:07,455 [DEBUG] __main__:: Starting stream
2021-09-14 16:00:33,371 [INFO] camera:: Initializing camera class with 20 fps and video_source=0
2021-09-14 16:00:36,112 [DEBUG] camera:: Starting thread
2021-09-14 16:00:36,113 [DEBUG] camera:: Observation started
2021-09-14 16:00:36,113 [INFO] camera:: Thread started
2021-09-14 16:00:36,117 [DEBUG] __main__:: Starting server
2021-09-14 16:00:41,248 [DEBUG] __main__:: Requested /
2021-09-14 16:00:41,380 [DEBUG] __main__:: Requested last image
2021-09-14 16:00:41,380 [DEBUG] __main__:: No last image
2021-09-14 16:02:10,474 [DEBUG] __main__:: Requested stream page
2021-09-14 16:02:10,498 [DEBUG] __main__:: Starting stream
2021-09-14 16:03:09,014 [INFO] camera:: Initializing camera class with 20 fps and video_source=0
2021-09-14 16:03:11,621 [DEBUG] camera:: Starting thread
2021-09-14 16:03:11,622 [DEBUG] camera:: Observation started
2021-09-14 16:03:11,622 [INFO] camera:: Thread started
2021-09-14 16:03:11,626 [DEBUG] __main__:: Starting server
2021-09-14 16:04:18,443 [DEBUG] __main__:: Requested /
2021-09-14 16:04:18,561 [DEBUG] __main__:: Requested last image
2021-09-14 16:04:18,561 [DEBUG] __main__:: No last image
2021-09-14 16:04:20,434 [DEBUG] __main__:: Requested stream page
2021-09-14 16:04:20,453 [DEBUG] __main__:: Starting stream
2021-09-14 23:10:30,564 [INFO] camera:: Initializing camera class with 20 fps and video_source=0
2021-09-14 23:10:33,222 [DEBUG] camera:: Starting thread
2021-09-14 23:10:33,223 [DEBUG] camera:: Observation started
2021-09-14 23:10:33,223 [INFO] camera:: Thread started
2021-09-14 23:10:33,227 [DEBUG] __main__:: Starting server
2021-09-14 23:10:35,711 [DEBUG] __main__:: Requested /
2021-09-14 23:10:35,846 [DEBUG] __main__:: Requested last image
2021-09-14 23:10:35,847 [DEBUG] __main__:: No last image
2021-09-14 23:10:38,322 [DEBUG] __main__:: Requested stream page
2021-09-14 23:10:48,755 [DEBUG] __main__:: Requested stream page
2021-09-14 23:11:29,521 [INFO] camera:: Initializing camera class with 20 fps and video_source=0
2021-09-14 23:11:32,162 [DEBUG] camera:: Starting thread
2021-09-14 23:11:32,162 [DEBUG] camera:: Observation started
2021-09-14 23:11:32,162 [INFO] camera:: Thread started
2021-09-14 23:11:32,166 [DEBUG] __main__:: Starting server
2021-09-14 23:11:34,496 [DEBUG] __main__:: Requested /
2021-09-14 23:11:34,625 [DEBUG] __main__:: Requested last image
2021-09-14 23:11:34,626 [DEBUG] __main__:: No last image
2021-09-14 23:11:36,509 [DEBUG] __main__:: Requested stream page
2021-09-14 23:11:36,531 [DEBUG] __main__:: Starting stream
2021-09-14 23:21:04,302 [INFO] camera:: Initializing camera class with 20 fps and video_source=0
2021-09-14 23:21:06,952 [DEBUG] camera:: Starting thread
2021-09-14 23:21:06,952 [DEBUG] camera:: Observation started
2021-09-14 23:21:06,953 [INFO] camera:: Thread started
2021-09-14 23:21:06,957 [DEBUG] __main__:: Starting server
2021-09-14 23:21:09,874 [DEBUG] __main__:: Requested /
2021-09-14 23:21:09,947 [DEBUG] __main__:: Requested last image
2021-09-14 23:21:09,947 [DEBUG] __main__:: No last image
2021-09-14 23:21:12,017 [DEBUG] __main__:: Requested stream page
2021-09-14 23:21:12,038 [DEBUG] __main__:: Starting stream
2021-09-14 23:24:20,246 [INFO] camera:: Initializing camera class with 20 fps and video_source=0
2021-09-14 23:24:22,967 [DEBUG] camera:: Starting thread
2021-09-14 23:24:22,967 [DEBUG] camera:: Observation started
2021-09-14 23:24:22,967 [INFO] camera:: Thread started
2021-09-14 23:24:22,972 [DEBUG] __main__:: Starting server
2021-09-14 23:24:34,445 [DEBUG] __main__:: Requested /
2021-09-14 23:24:34,574 [DEBUG] __main__:: Requested last image
2021-09-14 23:24:34,574 [DEBUG] __main__:: No last image
2021-09-14 23:24:36,600 [DEBUG] __main__:: Requested stream page
2021-09-14 23:26:52,989 [INFO] camera:: Initializing camera class with 20 fps and video_source=0
2021-09-14 23:26:55,574 [DEBUG] camera:: Starting thread
2021-09-14 23:26:55,575 [DEBUG] camera:: Observation started
2021-09-14 23:26:55,575 [INFO] camera:: Thread started
2021-09-14 23:26:55,579 [DEBUG] __main__:: Starting server
2021-09-14 23:26:58,895 [DEBUG] __main__:: Requested /
2021-09-14 23:26:59,026 [DEBUG] __main__:: Requested last image
2021-09-14 23:26:59,026 [DEBUG] __main__:: No last image
2021-09-14 23:27:01,215 [DEBUG] __main__:: Requested stream page
2021-09-14 23:33:04,501 [INFO] camera:: Initializing camera class with 20 fps and video_source=0
2021-09-14 23:33:10,401 [DEBUG] camera:: Starting thread
2021-09-14 23:33:10,403 [DEBUG] camera:: Observation started
2021-09-14 23:33:10,403 [INFO] camera:: Thread started
2021-09-14 23:33:10,417 [DEBUG] __main__:: Starting server
2021-09-14 23:33:17,010 [DEBUG] __main__:: Requested /
2021-09-14 23:33:17,208 [DEBUG] __main__:: Requested last image
2021-09-14 23:33:17,208 [DEBUG] __main__:: No last image
2021-09-14 23:33:19,351 [DEBUG] __main__:: Requested stream page
2021-09-14 23:35:07,278 [INFO] camera:: Initializing camera class with 20 fps and video_source=0
2021-09-14 23:35:09,772 [DEBUG] camera:: Starting thread
2021-09-14 23:35:09,773 [DEBUG] camera:: Observation started
2021-09-14 23:35:09,773 [INFO] camera:: Thread started
2021-09-14 23:35:09,777 [DEBUG] __main__:: Starting server
2021-09-14 23:35:14,497 [DEBUG] __main__:: Requested /
2021-09-14 23:35:14,566 [DEBUG] __main__:: Requested last image
2021-09-14 23:35:14,567 [DEBUG] __main__:: No last image
2021-09-14 23:35:20,725 [DEBUG] __main__:: Requested stream page
2021-09-14 23:36:57,939 [INFO] camera:: Initializing camera class with 20 fps and video_source=0
2021-09-14 23:37:00,450 [DEBUG] camera:: Starting thread
2021-09-14 23:37:00,451 [DEBUG] camera:: Observation started
2021-09-14 23:37:00,451 [INFO] camera:: Thread started
2021-09-14 23:37:00,455 [DEBUG] __main__:: Starting server
2021-09-14 23:37:02,526 [DEBUG] __main__:: Requested /
2021-09-14 23:37:02,576 [DEBUG] __main__:: Requested last image
2021-09-14 23:37:02,576 [DEBUG] __main__:: No last image
2021-09-14 23:37:04,416 [DEBUG] __main__:: Requested stream page
2021-09-14 23:44:40,903 [INFO] camera:: Initializing camera class with 20 fps and video_source=0
2021-09-14 23:44:43,505 [DEBUG] camera:: Starting thread
2021-09-14 23:44:43,506 [DEBUG] camera:: Observation started
2021-09-14 23:44:43,506 [INFO] camera:: Thread started
2021-09-14 23:44:43,510 [DEBUG] __main__:: Starting server
2021-09-14 23:44:46,390 [DEBUG] __main__:: Requested /
2021-09-14 23:44:46,510 [DEBUG] __main__:: Requested last image
2021-09-14 23:44:46,510 [DEBUG] __main__:: No last image
2021-09-14 23:44:48,104 [DEBUG] __main__:: Requested stream page
2021-09-14 23:44:48,126 [DEBUG] __main__:: Starting stream
2021-09-14 23:44:50,357 [DEBUG] __main__:: Requested stream page
2021-09-14 23:44:50,368 [DEBUG] __main__:: Starting stream
2021-09-14 23:46:27,340 [INFO] camera:: Initializing camera class with 20 fps and video_source=0
2021-09-14 23:46:29,961 [DEBUG] camera:: Starting thread
2021-09-14 23:46:29,961 [DEBUG] camera:: Observation started
2021-09-14 23:46:29,961 [INFO] camera:: Thread started
2021-09-14 23:46:29,966 [DEBUG] __main__:: Starting server
2021-09-14 23:46:32,130 [DEBUG] __main__:: Requested /
2021-09-14 23:46:32,182 [DEBUG] __main__:: Requested last image
2021-09-14 23:46:32,182 [DEBUG] __main__:: No last image
2021-09-14 23:46:33,915 [DEBUG] __main__:: Requested stream page
2021-09-14 23:46:33,936 [DEBUG] __main__:: Starting stream
2021-09-15 00:13:34,662 [INFO] camera:: Initializing camera class with 20 fps and video_source=0
2021-09-15 00:13:37,545 [DEBUG] camera:: Starting thread
2021-09-15 00:13:37,545 [DEBUG] camera:: Observation started
2021-09-15 00:13:37,545 [INFO] camera:: Thread started
2021-09-15 00:13:37,550 [DEBUG] __main__:: Starting server
2021-09-15 00:13:39,828 [DEBUG] __main__:: Requested /
2021-09-15 00:13:39,996 [DEBUG] __main__:: Requested last image
2021-09-15 00:13:39,997 [DEBUG] __main__:: No last image
2021-09-15 00:13:42,017 [DEBUG] __main__:: Requested stream page
2021-09-15 00:13:42,040 [DEBUG] __main__:: Starting stream
2021-09-15 00:13:44,421 [INFO] camera:: Initializing camera class with 20 fps and video_source=0
2021-09-15 00:13:44,421 [INFO] camera:: Initializing camera class with 20 fps and video_source=0
2021-09-15 00:13:47,581 [DEBUG] camera:: Starting thread
2021-09-15 00:13:47,582 [DEBUG] camera:: Observation started
2021-09-15 00:13:47,582 [INFO] camera:: Thread started
2021-09-15 00:13:47,596 [DEBUG] camera:: Starting thread
2021-09-15 00:13:47,597 [DEBUG] camera:: Observation started
2021-09-15 00:13:47,597 [INFO] camera:: Thread started
2021-09-15 00:13:53,619 [INFO] camera:: Initializing camera class with 20 fps and video_source=0
2021-09-15 00:13:53,620 [INFO] camera:: Initializing camera class with 20 fps and video_source=0
2021-09-15 00:13:57,041 [DEBUG] camera:: Starting thread
2021-09-15 00:13:57,041 [DEBUG] camera:: Observation started
2021-09-15 00:13:57,041 [INFO] camera:: Thread started
2021-09-15 00:13:57,058 [DEBUG] camera:: Starting thread
2021-09-15 00:13:57,059 [DEBUG] camera:: Observation started
2021-09-15 00:13:57,059 [INFO] camera:: Thread started
2021-09-15 00:14:18,592 [DEBUG] __main__:: Requested stream page
2021-09-15 00:14:18,612 [DEBUG] __main__:: Starting stream
2021-09-15 00:14:35,060 [DEBUG] __main__:: Requested /
2021-09-15 00:14:35,116 [DEBUG] __main__:: Requested last image
2021-09-15 00:14:35,117 [DEBUG] __main__:: No last image
2021-09-15 00:14:39,063 [DEBUG] __main__:: Requested stream page
2021-09-15 00:14:39,084 [DEBUG] __main__:: Starting stream
2021-09-15 00:17:09,039 [DEBUG] __main__:: Starting server
2021-09-15 00:17:11,953 [DEBUG] __main__:: Requested /
2021-09-15 00:17:12,006 [DEBUG] __main__:: Requested last image
2021-09-15 00:17:12,006 [DEBUG] __main__:: No last image
2021-09-15 00:17:14,043 [DEBUG] __main__:: Requested stream page
2021-09-15 00:26:53,375 [DEBUG] __main__:: Starting server
2021-09-15 00:26:55,605 [DEBUG] __main__:: Requested /
2021-09-15 00:26:55,739 [DEBUG] __main__:: Requested last image
2021-09-15 00:26:55,739 [DEBUG] __main__:: No last image
2021-09-15 00:26:57,233 [DEBUG] __main__:: Requested stream page
2021-09-15 00:29:46,670 [DEBUG] __main__:: Starting server
2021-09-15 00:29:48,722 [DEBUG] __main__:: Requested /
2021-09-15 00:29:48,787 [DEBUG] __main__:: Requested last image
2021-09-15 00:29:48,788 [DEBUG] __main__:: No last image
2021-09-15 00:29:51,022 [DEBUG] __main__:: Requested stream page
2021-09-15 00:57:15,511 [DEBUG] __main__:: Starting server
2021-09-15 00:57:32,735 [DEBUG] __main__:: Starting server
2021-09-15 00:58:52,447 [DEBUG] __main__:: Requested /
2021-09-15 00:58:52,505 [DEBUG] __main__:: Requested last image
2021-09-15 00:58:52,505 [DEBUG] __main__:: No last image
2021-09-15 00:58:54,813 [DEBUG] __main__:: Requested stream page
2021-09-15 01:01:26,886 [INFO] camera:: Initializing camera class with 20 fps and video_source=0
2021-09-15 01:01:29,392 [DEBUG] camera:: Starting thread
2021-09-15 01:01:29,393 [DEBUG] camera:: Observation started
2021-09-15 01:01:29,393 [INFO] camera:: Thread started
2021-09-15 01:01:31,536 [INFO] camera:: Initializing camera class with 20 fps and video_source=0
2021-09-15 01:01:34,578 [DEBUG] camera:: Starting thread
2021-09-15 01:01:34,578 [DEBUG] camera:: Observation started
2021-09-15 01:01:34,578 [INFO] camera:: Thread started
2021-09-15 01:01:34,591 [DEBUG] camera:: Starting thread
2021-09-15 01:01:34,592 [DEBUG] camera:: Observation started
2021-09-15 01:01:34,592 [INFO] camera:: Thread started
2021-09-15 08:03:05,607 [INFO] camera:: Initializing camera class with 20 fps and video_source=0
2021-09-15 08:03:08,483 [DEBUG] camera:: Starting thread
2021-09-15 08:03:08,483 [DEBUG] camera:: Observation started
2021-09-15 08:03:08,484 [INFO] camera:: Thread started
2021-09-15 08:03:08,489 [DEBUG] __main__:: Starting server
2021-09-15 08:03:11,808 [DEBUG] __main__:: Requested /
2021-09-15 08:03:11,940 [DEBUG] __main__:: Requested last image
2021-09-15 08:03:11,940 [DEBUG] __main__:: No last image
2021-09-15 08:03:14,437 [DEBUG] __main__:: Requested stream page
2021-09-15 08:03:14,457 [DEBUG] __main__:: Starting stream
2021-09-15 08:12:24,084 [INFO] camera:: Initializing camera class with 20 fps and video_source=0
2021-09-15 08:12:26,677 [DEBUG] camera:: Starting thread
2021-09-15 08:12:26,677 [DEBUG] camera:: Observation started
2021-09-15 08:12:26,678 [INFO] camera:: Thread started
2021-09-15 08:12:26,681 [DEBUG] __main__:: Starting server
2021-09-15 08:12:28,964 [DEBUG] __main__:: Requested /
2021-09-15 08:12:29,040 [DEBUG] __main__:: Requested last image
2021-09-15 08:12:29,041 [DEBUG] __main__:: No last image
2021-09-15 08:12:31,230 [DEBUG] __main__:: Requested stream page
2021-09-15 08:14:05,929 [INFO] camera:: Initializing camera class with 20 fps and video_source=0
2021-09-15 08:14:08,458 [DEBUG] camera:: Starting thread
2021-09-15 08:14:08,458 [DEBUG] camera:: Observation started
2021-09-15 08:14:08,458 [INFO] camera:: Thread started
2021-09-15 08:14:08,463 [DEBUG] __main__:: Starting server
2021-09-15 08:14:11,116 [DEBUG] __main__:: Requested /
2021-09-15 08:14:11,229 [DEBUG] __main__:: Requested last image
2021-09-15 08:14:11,229 [DEBUG] __main__:: No last image
2021-09-15 08:14:13,110 [DEBUG] __main__:: Requested stream page
2021-09-15 08:18:38,455 [INFO] camera:: Initializing camera class with 20 fps and video_source=0
2021-09-15 08:18:41,044 [DEBUG] camera:: Starting thread
2021-09-15 08:18:41,045 [DEBUG] camera:: Observation started
2021-09-15 08:18:41,045 [INFO] camera:: Thread started
2021-09-15 08:18:41,049 [DEBUG] __main__:: Starting server
2021-09-15 08:18:43,557 [DEBUG] __main__:: Requested /
2021-09-15 08:18:43,603 [DEBUG] __main__:: Requested last image
2021-09-15 08:18:43,604 [DEBUG] __main__:: No last image
2021-09-15 08:18:45,491 [DEBUG] __main__:: Requested stream page
2021-09-15 08:18:59,474 [DEBUG] __main__:: Requested stream page
2021-09-15 08:24:08,391 [INFO] camera:: Initializing camera class with 20 fps and video_source=0
2021-09-15 08:24:10,909 [DEBUG] camera:: Starting thread
2021-09-15 08:24:10,910 [DEBUG] camera:: Observation started
2021-09-15 08:24:10,910 [INFO] camera:: Thread started
2021-09-15 08:24:10,914 [DEBUG] __main__:: Starting server
2021-09-15 08:24:13,215 [DEBUG] __main__:: Requested /
2021-09-15 08:24:13,378 [DEBUG] __main__:: Requested last image
2021-09-15 08:24:13,378 [DEBUG] __main__:: No last image
2021-09-15 08:24:15,955 [DEBUG] __main__:: Requested stream page
2021-09-15 08:24:16,140 [DEBUG] __main__:: Starting stream
2021-09-15 08:31:07,965 [DEBUG] __main__:: Requested /
2021-09-15 08:31:08,100 [DEBUG] __main__:: Requested last image
2021-09-15 08:31:08,100 [DEBUG] __main__:: No last image
2021-09-15 08:31:09,947 [DEBUG] __main__:: Requested stream page
2021-09-15 08:31:09,989 [DEBUG] __main__:: Starting stream
2021-09-15 08:42:19,241 [INFO] camera:: Initializing camera class with 20 fps and video_source=0
2021-09-15 08:42:21,962 [DEBUG] camera:: Starting thread
2021-09-15 08:42:21,963 [DEBUG] camera:: Observation started
2021-09-15 08:42:21,963 [INFO] camera:: Thread started
2021-09-15 08:42:21,967 [DEBUG] __main__:: Starting server
2021-09-15 08:42:28,446 [DEBUG] __main__:: Requested /
2021-09-15 08:42:28,606 [DEBUG] __main__:: Requested last image
2021-09-15 08:42:28,607 [DEBUG] __main__:: No last image
2021-09-15 08:42:31,849 [DEBUG] __main__:: Requested stream page
2021-09-15 08:55:53,724 [DEBUG] __main__:: Starting server
2021-09-15 08:55:56,612 [DEBUG] __main__:: Requested /
2021-09-15 08:55:56,728 [DEBUG] __main__:: Requested last image
2021-09-15 08:55:56,728 [DEBUG] __main__:: No last image
2021-09-15 08:55:59,375 [DEBUG] __main__:: Requested stream page
2021-09-15 09:06:26,114 [DEBUG] __main__:: Starting server
2021-09-15 09:06:28,520 [DEBUG] __main__:: Requested /
2021-09-15 09:06:28,609 [DEBUG] __main__:: Requested last image
2021-09-15 09:06:28,609 [DEBUG] __main__:: No last image
2021-09-15 09:06:30,705 [DEBUG] __main__:: Requested stream page
2021-09-15 09:57:31,140 [INFO] camera:: Initializing camera class with 20 fps and video_source=0
2021-09-15 09:57:33,742 [DEBUG] camera:: Starting thread
2021-09-15 09:57:33,743 [DEBUG] camera:: Observation started
2021-09-15 09:57:33,743 [INFO] camera:: Thread started
2021-09-15 09:57:33,747 [DEBUG] __main__:: Starting server
2021-09-15 09:57:40,599 [DEBUG] __main__:: Requested /
2021-09-15 09:57:40,740 [DEBUG] __main__:: Requested last image
2021-09-15 09:57:40,740 [DEBUG] __main__:: No last image
2021-09-15 09:57:42,605 [DEBUG] __main__:: Requested stream page
2021-09-15 09:58:31,680 [INFO] camera:: Initializing camera class with 20 fps and video_source=0
2021-09-15 09:58:34,254 [DEBUG] camera:: Starting thread
2021-09-15 09:58:34,254 [DEBUG] camera:: Observation started
2021-09-15 09:58:34,254 [INFO] camera:: Thread started
2021-09-15 09:58:34,258 [DEBUG] __main__:: Starting server
2021-09-15 09:58:46,421 [DEBUG] __main__:: Requested /
2021-09-15 09:58:46,490 [DEBUG] __main__:: Requested last image
2021-09-15 09:58:46,491 [DEBUG] __main__:: No last image
2021-09-15 09:58:48,820 [DEBUG] __main__:: Requested stream page
2021-09-15 09:58:48,845 [DEBUG] __main__:: Starting stream
2021-09-15 10:09:59,164 [DEBUG] __main__:: Starting server
2021-09-15 10:10:01,955 [DEBUG] __main__:: Requested /
2021-09-15 10:10:02,077 [DEBUG] __main__:: Requested last image
2021-09-15 10:10:02,077 [DEBUG] __main__:: No last image
2021-09-15 10:10:03,748 [DEBUG] __main__:: Requested stream page
2021-09-15 10:10:03,767 [DEBUG] __main__:: Starting stream
2021-09-15 10:17:32,457 [DEBUG] __main__:: Starting server
2021-09-15 10:17:39,606 [DEBUG] __main__:: Requested /
2021-09-15 10:17:39,720 [DEBUG] __main__:: Requested last image
2021-09-15 10:17:39,721 [DEBUG] __main__:: No last image
2021-09-15 10:17:43,094 [DEBUG] __main__:: Requested stream page
2021-09-15 10:18:02,307 [DEBUG] __main__:: Requested stream page
2021-09-15 10:33:32,394 [INFO] camera:: Initializing camera class with 20 fps and video_source=0
2021-09-15 10:33:34,956 [DEBUG] camera:: Starting thread
2021-09-15 10:33:34,957 [DEBUG] camera:: Observation started
2021-09-15 10:33:34,957 [INFO] camera:: Thread started
2021-09-15 10:33:34,962 [DEBUG] __main__:: Starting server
2021-09-15 10:33:39,198 [DEBUG] __main__:: Requested /
2021-09-15 10:33:39,346 [DEBUG] __main__:: Requested last image
2021-09-15 10:33:39,347 [DEBUG] __main__:: No last image
2021-09-15 10:34:35,368 [DEBUG] __main__:: Requested /
2021-09-15 10:34:35,490 [DEBUG] __main__:: Requested last image
2021-09-15 10:34:35,491 [DEBUG] __main__:: No last image
2021-09-15 10:34:38,146 [DEBUG] __main__:: Requested /
2021-09-15 10:34:38,162 [DEBUG] __main__:: Requested last image
2021-09-15 10:34:38,163 [DEBUG] __main__:: No last image
2021-09-15 10:34:39,067 [DEBUG] __main__:: Requested /
2021-09-15 10:34:39,079 [DEBUG] __main__:: Requested last image
2021-09-15 10:34:39,079 [DEBUG] __main__:: No last image
2021-09-15 10:41:28,241 [INFO] camera:: Initializing camera class with 20 fps and video_source=0
2021-09-15 10:41:30,961 [DEBUG] camera:: Starting thread
2021-09-15 10:41:30,961 [DEBUG] camera:: Observation started
2021-09-15 10:41:30,961 [INFO] camera:: Thread started
2021-09-15 10:41:30,967 [DEBUG] __main__:: Starting server
2021-09-15 10:42:15,239 [DEBUG] __main__:: Requested /
2021-09-15 10:42:15,378 [DEBUG] __main__:: Requested last image
2021-09-15 10:42:15,378 [DEBUG] __main__:: No last image
2021-09-15 10:42:17,675 [DEBUG] __main__:: Requested stream page
2021-09-15 10:46:26,010 [DEBUG] __main__:: Starting server
2021-09-15 10:46:29,221 [DEBUG] __main__:: Requested /
2021-09-15 10:46:29,343 [DEBUG] __main__:: Requested last image
2021-09-15 10:46:29,343 [DEBUG] __main__:: No last image
2021-09-15 10:46:34,170 [DEBUG] __main__:: Requested stream page
2021-09-15 11:04:36,176 [DEBUG] __main__:: Starting server
2021-09-15 11:04:39,211 [DEBUG] __main__:: Requested /
2021-09-15 11:04:39,270 [DEBUG] __main__:: Requested last image
2021-09-15 11:04:39,271 [DEBUG] __main__:: No last image
2021-09-15 11:04:40,892 [DEBUG] __main__:: Requested stream page
2021-09-15 11:06:55,102 [DEBUG] __main__:: Requested /
2021-09-15 11:06:55,197 [DEBUG] __main__:: Requested last image
2021-09-15 11:06:55,198 [DEBUG] __main__:: No last image
2021-09-15 11:06:57,055 [DEBUG] __main__:: Requested stream page
2021-09-15 11:09:34,580 [DEBUG] __main__:: Requested stream page
2021-09-15 11:09:36,081 [DEBUG] __main__:: Requested stream page
2021-09-15 11:09:38,754 [DEBUG] __main__:: Requested stream page
2021-09-15 11:15:17,669 [DEBUG] __main__:: Starting server
2021-09-15 11:15:27,495 [DEBUG] __main__:: Requested /
2021-09-15 11:15:27,626 [DEBUG] __main__:: Requested last image
2021-09-15 11:15:27,626 [DEBUG] __main__:: No last image
2021-09-15 11:15:30,419 [DEBUG] __main__:: Requested stream page
2021-09-15 11:16:54,591 [DEBUG] __main__:: Requested stream page
2021-09-15 11:16:56,210 [DEBUG] __main__:: Requested stream page
2021-09-15 11:36:24,675 [DEBUG] __main__:: Starting server
2021-09-15 11:36:36,499 [DEBUG] __main__:: Requested /
2021-09-15 11:36:36,630 [DEBUG] __main__:: Requested last image
2021-09-15 11:36:36,630 [DEBUG] __main__:: No last image
2021-09-15 11:36:38,558 [DEBUG] __main__:: Requested stream page
2021-09-15 11:53:36,378 [DEBUG] __main__:: Starting server
2021-09-15 11:53:40,770 [DEBUG] __main__:: Requested /
2021-09-15 11:53:40,899 [DEBUG] __main__:: Requested last image
2021-09-15 11:53:40,899 [DEBUG] __main__:: No last image
2021-09-15 11:53:46,648 [DEBUG] __main__:: Requested stream page
2021-09-15 14:04:06,636 [DEBUG] __main__:: Starting server
2021-09-15 14:04:09,078 [DEBUG] __main__:: Requested /
2021-09-15 14:04:09,128 [DEBUG] __main__:: Requested last image
2021-09-15 14:04:09,129 [DEBUG] __main__:: No last image
2021-09-15 14:04:11,979 [DEBUG] __main__:: Requested stream page
